<?xml version="1.0" encoding="UTF-8"?>
<testsuite xmlns:xsi="http://www.w3.org/2001/XMLSchema-instance" xsi:noNamespaceSchemaLocation="https://maven.apache.org/surefire/maven-surefire-plugin/xsd/surefire-test-report.xsd" name="testrunner.TestRunner" time="3.55" tests="1" errors="0" skipped="0" failures="1">
  <properties>
[...]
</properties>
  <testcase name="runScenario" classname="testrunner.TestRunner" time="0.217">
    <failure message="Duplicate step definitions in stepdefinitions.FailedLoginSteps.the_user_enters_username_and_password(java.lang.String,java.lang.String) and stepdefinitions.LoginSteps.userEntersCredentials(java.lang.String,java.lang.String)" type="io.cucumber.core.runner.DuplicateStepDefinitionException">io.cucumber.core.runner.DuplicateStepDefinitionException: Duplicate step definitions in stepdefinitions.FailedLoginSteps.the_user_enters_username_and_password(java.lang.String,java.lang.String) and stepdefinitions.LoginSteps.userEntersCredentials(java.lang.String,java.lang.String)
</failure>
  </testcase>
</testsuite>